[Licensing::Module] Trying to connect to existing licensing client channel...
Built from '6000.0/staging' branch; Version is '6000.0.61f1 (74a0adb02c31) revision 7643309'; Using compiler version '193933523'; Build Type 'Release'
[Licensing::IpcConnector] Successfully connected to: "LicenseClient-venkannababus" at "2025-11-13T06:58:17.7679956Z"
OS: 'Windows 10  (10.0.19045) 64bit Professional' Language: 'en' Physical Memory: 16265 MB
BatchMode: 1, IsHumanControllingUs: 0, StartBugReporterOnCrash: 0, Is64bit: 1
Date: 2025-11-13T06:58:17Z

COMMAND LINE ARGUMENTS:
C:\Program Files\Unity\Hub\Editor\6000.0.61f1\Editor\Unity.exe
-adb2
-batchMode
-noUpm
-name
AssetImportWorker0
-projectPath
C:/Users/venkannababus/Week 1 Demo
-logFile
Logs/AssetImportWorker0.log
-srvPort
54651
-licensingIpc
LicenseClient-venkannababus
-job-worker-count
5
-background-job-worker-count
8
-gc-helper-count
1
-name
AssetImport
Successfully changed project path to: C:/Users/venkannababus/Week 1 Demo
C:/Users/venkannababus/Week 1 Demo
[UnityMemory] Configuration Parameters - Can be set up in boot.config
    "memorysetup-bucket-allocator-granularity=16"
    "memorysetup-bucket-allocator-bucket-count=8"
    "memorysetup-bucket-allocator-block-size=33554432"
    "memorysetup-bucket-allocator-block-count=8"
    "memorysetup-main-allocator-block-size=16777216"
    "memorysetup-thread-allocator-block-size=16777216"
    "memorysetup-gfx-main-allocator-block-size=16777216"
    "memorysetup-gfx-thread-allocator-block-size=16777216"
    "memorysetup-cache-allocator-block-size=4194304"
    "memorysetup-typetree-allocator-block-size=2097152"
    "memorysetup-profiler-bucket-allocator-granularity=16"
    "memorysetup-profiler-bucket-allocator-bucket-count=8"
    "memorysetup-profiler-bucket-allocator-block-size=33554432"
    "memorysetup-profiler-bucket-allocator-block-count=8"
    "memorysetup-profiler-allocator-block-size=16777216"
    "memorysetup-profiler-editor-allocator-block-size=1048576"
    "memorysetup-temp-allocator-size-main=16777216"
    "memorysetup-job-temp-allocator-block-size=2097152"
    "memorysetup-job-temp-allocator-block-size-background=1048576"
    "memorysetup-job-temp-allocator-reduction-small-platforms=262144"
    "memorysetup-allocator-temp-initial-block-size-main=262144"
    "memorysetup-allocator-temp-initial-block-size-worker=262144"
    "memorysetup-temp-allocator-size-background-worker=32768"
    "memorysetup-temp-allocator-size-job-worker=262144"
    "memorysetup-temp-allocator-size-preload-manager=33554432"
    "memorysetup-temp-allocator-size-nav-mesh-worker=65536"
    "memorysetup-temp-allocator-size-audio-worker=65536"
    "memorysetup-temp-allocator-size-cloud-worker=32768"
    "memorysetup-temp-allocator-size-gi-baking-worker=262144"
    "memorysetup-temp-allocator-size-gi-baking-worker=262144"
    "memorysetup-temp-allocator-size-gi-baking-worker=262144"
    "memorysetup-temp-allocator-size-gi-baking-worker=262144"
    "memorysetup-temp-allocator-size-gi-baking-worker=262144"
    "memorysetup-temp-allocator-size-gfx=262144"
Player connection [19744]  Target information:

Player connection [19744]  * "[IP] 10.42.62.52 [Port] 0 [Flags] 2 [Guid] 1528369958 [EditorId] 1528369958 [Version] 1048832 [Id] WindowsEditor(7,HGS60) [Debug] 1 [PackageName] WindowsEditor [ProjectName] Editor" 

Player connection [19744] Host joined multi-casting on [225.0.0.222:54997]...
Player connection [19744] Host joined alternative multi-casting on [225.0.0.222:34997]...
JobSystem: Creating JobQueue using job-worker-count value 5
Input System module state changed to: Initialized.
[Physics::Module] Initialized fallback backend.
[Physics::Module] Id: 0xdecafbad
[Licensing::Client] Code 10 while verifying Licensing Client signature (process Id: 13232, path: "C:/Program Files/Unity Hub/UnityLicensingClient_V1/Unity.Licensing.Client.exe")
[Licensing::Module] LicensingClient has failed validation; ignoring
[Licensing::Client] Handshaking with LicensingClient:
  Version:                 1.17.3+a4e98f1
  Session Id:              7e3fb3a985f34f158d09a2440090390c
  Correlation Id:          9ea26cc539f06b0e76915ae845f79930
  External correlation Id: 9021852221949980605
  Machine Id:              1guUdh1H7LcXuC+PTxFDABZN0ik=
[Licensing::Module] Successfully connected to LicensingClient on channel: "LicenseClient-venkannababus" (connect: 0.00s, validation: 0.00s, handshake: 0.03s)
[Licensing::IpcConnector] Successfully connected to: "LicenseClient-venkannababus-notifications" at "2025-11-13T06:58:17.7964577Z"
[Licensing::Module] Licensing Background thread has ended after 0.03s
Library Redirect Path: Library/
[Physics::Module] Selected backend.
[Physics::Module] Name: PhysX
[Physics::Module] Id: 0xf2b8ea05
[Physics::Module] SDK Version: 4.1.2
[Physics::Module] Integration Version: 1.0.0
[Physics::Module] Threading Mode: Multi-Threaded
Refreshing native plugins compatible for Editor in 1.93 ms, found 4 plugins.
Preloading 0 native plugins for Editor in 0.00 ms.
Initialize engine version: 6000.0.61f1 (74a0adb02c31)
[Subsystems] Discovering subsystems at path C:/Program Files/Unity/Hub/Editor/6000.0.61f1/Editor/Data/Resources/UnitySubsystems
[Subsystems] Discovering subsystems at path C:/Users/venkannababus/Week 1 Demo/Assets
GfxDevice: creating device client; kGfxThreadingModeNonThreaded
Direct3D:
    Version:  Direct3D 11.0 [level 11.1]
    Renderer: NVIDIA GeForce GTX 1650 (ID=0x1f82)
    Vendor:   NVIDIA
    VRAM:     3935 MB
    Driver:   32.0.15.7700
Initialize mono
Mono path[0] = 'C:/Program Files/Unity/Hub/Editor/6000.0.61f1/Editor/Data/Managed'
Mono path[1] = 'C:/Program Files/Unity/Hub/Editor/6000.0.61f1/Editor/Data/MonoBleedingEdge/lib/mono/unityjit-win32'
Mono config path = 'C:/Program Files/Unity/Hub/Editor/6000.0.61f1/Editor/Data/MonoBleedingEdge/etc'
Using monoOptions --debugger-agent=transport=dt_socket,embedding=1,server=y,suspend=n,address=127.0.0.1:56552
Begin MonoManager ReloadAssembly
Registering precompiled unity dll's ...
Register platform support module: C:/Program Files/Unity/Hub/Editor/6000.0.61f1/Editor/Data/PlaybackEngines/WindowsStandaloneSupport/UnityEditor.WindowsStandalone.Extensions.dll
[Licensing::Client] Successfully resolved entitlement details
[Licensing::Module] License group:
  Id: 13469301889431-UnityPersXXXX
  Product: Unity Personal
  Type: Assigned
  Expiration: Unlimited
Register platform support module: C:/Program Files/Unity/Hub/Editor/6000.0.61f1/Editor/Data/PlaybackEngines/AndroidPlayer/UnityEditor.Android.Extensions.dll
Registered in 0.004463 seconds.
- Loaded All Assemblies, in  0.355 seconds
Native extension for Android target not found
Android Extension - Scanning For ADB Devices 213 ms
Native extension for WindowsStandalone target not found
Mono: successfully reloaded assembly
- Finished resetting the current domain, in  0.553 seconds
Domain Reload Profiling: 907ms
	BeginReloadAssembly (121ms)
		ExecutionOrderSort (0ms)
		DisableScriptedObjects (0ms)
		BackupInstance (0ms)
		ReleaseScriptingObjects (0ms)
		CreateAndSetChildDomain (1ms)
	RebuildCommonClasses (32ms)
	RebuildNativeTypeToScriptingClass (11ms)
	initialDomainReloadingComplete (48ms)
	LoadAllAssembliesAndSetupDomain (142ms)
		LoadAssemblies (118ms)
		RebuildTransferFunctionScriptingTraits (0ms)
		AnalyzeDomain (138ms)
			TypeCache.Refresh (137ms)
				TypeCache.ScanAssembly (124ms)
			BuildScriptInfoCaches (0ms)
			ResolveRequiredComponents (0ms)
	FinalizeReload (554ms)
		ReleaseScriptCaches (0ms)
		RebuildScriptCaches (0ms)
		SetupLoadedEditorAssemblies (512ms)
			LogAssemblyErrors (0ms)
			InitializePlatformSupportModulesInManaged (288ms)
			SetLoadedEditorAssemblies (14ms)
			BeforeProcessingInitializeOnLoad (52ms)
			ProcessInitializeOnLoadAttributes (109ms)
			ProcessInitializeOnLoadMethodAttributes (49ms)
			AfterProcessingInitializeOnLoad (0ms)
			EditorAssembliesLoaded (0ms)
		ExecutionOrderSort2 (0ms)
		AwakeInstancesAfterBackupRestoration (0ms)
Assembly reference Packages/com.unity.cinemachine/Editor/Samples/ExposeHDRPInternals/HDRP-Editor-ref.asmref has no target assembly definition
========================================================================
Worker process is ready to serve import requests
Import Worker Mode flag is 0x00
Assembly reference Packages/com.unity.cinemachine/Editor/Samples/ExposeHDRPInternals/HDRP-Editor-ref.asmref has no target assembly definition
Assembly reference Packages/com.unity.cinemachine/Editor/Samples/ExposeHDRPInternals/HDRP-Editor-ref.asmref has no target assembly definition
Begin MonoManager ReloadAssembly
[Licensing::Client] Successfully resolved entitlement details
- Loaded All Assemblies, in  1.131 seconds
Assembly reference Packages/com.unity.cinemachine/Editor/Samples/ExposeHDRPInternals/HDRP-Editor-ref.asmref has no target assembly definition
'Packages/com.unity.cinemachine/Editor/Obsolete/CinemachineVirtualCameraBaseEditor.cs' contains partial class of Unity.Object, exactly 1 of the partial classes needs to be in a file with the same filename. This is to know the one that can be referenced from ie. GameObjects
'Packages/com.unity.cinemachine/Editor/Editors/CinemachineVirtualCameraBaseEditor.cs' contains partial class of Unity.Object, exactly 1 of the partial classes needs to be in a file with the same filename. This is to know the one that can be referenced from ie. GameObjects
Refreshing native plugins compatible for Editor in 1.21 ms, found 4 plugins.
Native extension for Android target not found
Native extension for WindowsStandalone target not found
Assembly reference Packages/com.unity.cinemachine/Editor/Samples/ExposeHDRPInternals/HDRP-Editor-ref.asmref has no target assembly definition
Package Manager log level set to [2]
[Package Manager] Failed to launch server process. Reason: Unity was launched with the -noUpm command-line argument
[Package Manager] Unable to send message (not connected to server process).
[Package Manager] Cannot connect to Unity Package Manager local server
[Package Manager] Failed to launch server process. Reason: Unity was launched with the -noUpm command-line argument
[Package Manager] Unable to send message (not connected to server process).
[Package Manager] Cannot connect to Unity Package Manager local server
[MODES] ModeService[none].Initialize
[MODES] ModeService[none].LoadModes
[MODES] Loading mode Default (0) for mode-current-id-Week 1 Demo
Mono: successfully reloaded assembly
- Finished resetting the current domain, in  0.870 seconds
Domain Reload Profiling: 1996ms
	BeginReloadAssembly (171ms)
		ExecutionOrderSort (0ms)
		DisableScriptedObjects (5ms)
		BackupInstance (0ms)
		ReleaseScriptingObjects (0ms)
		CreateAndSetChildDomain (32ms)
	RebuildCommonClasses (33ms)
	RebuildNativeTypeToScriptingClass (13ms)
	initialDomainReloadingComplete (50ms)
	LoadAllAssembliesAndSetupDomain (859ms)
		LoadAssemblies (533ms)
		RebuildTransferFunctionScriptingTraits (0ms)
		AnalyzeDomain (418ms)
			TypeCache.Refresh (311ms)
				TypeCache.ScanAssembly (289ms)
			BuildScriptInfoCaches (83ms)
			ResolveRequiredComponents (19ms)
	FinalizeReload (870ms)
		ReleaseScriptCaches (0ms)
		RebuildScriptCaches (0ms)
		SetupLoadedEditorAssemblies (664ms)
			LogAssemblyErrors (0ms)
			InitializePlatformSupportModulesInManaged (11ms)
			SetLoadedEditorAssemblies (4ms)
			BeforeProcessingInitializeOnLoad (151ms)
			ProcessInitializeOnLoadAttributes (403ms)
			ProcessInitializeOnLoadMethodAttributes (90ms)
			AfterProcessingInitializeOnLoad (5ms)
			EditorAssembliesLoaded (0ms)
		ExecutionOrderSort2 (0ms)
		AwakeInstancesAfterBackupRestoration (5ms)
Launched and connected shader compiler UnityShaderCompiler.exe after 0.01 seconds
Refreshing native plugins compatible for Editor in 2.99 ms, found 4 plugins.
Preloading 0 native plugins for Editor in 0.00 ms.
Unloading 27 Unused Serialized files (Serialized files now loaded: 0)
Unloading 7876 unused Assets / (5.6 MB). Loaded Objects now: 8653.
Memory consumption went from 164.6 MB to 158.9 MB.
Total: 27.483600 ms (FindLiveObjects: 2.973100 ms CreateObjectMapping: 3.274800 ms MarkObjects: 11.937500 ms  DeleteObjects: 9.292400 ms)

========================================================================
Received Import Request.
  Time since last request: 9100.328061 seconds.
  path: Assets/Week 5/Scripts/SplinePatrol.cs
  artifactKey: Guid(564acb5b390f01245b896b31fe4a6a86) Importer(2089858483,192608db42251d675da83286b1cce702)
Start importing Assets/Week 5/Scripts/SplinePatrol.cs using Guid(564acb5b390f01245b896b31fe4a6a86) Importer(2089858483,192608db42251d675da83286b1cce702) (ScriptedImporter) -> (artifact id: 'd57dc7d9eda24ff281c67fb9fd607acc') in 0.1922683 seconds
Number of updated asset objects reloaded before import = 0Number of asset objects unloaded after import = 0

========================================================================
Received Import Request.
  Time since last request: 0.000018 seconds.
  path: Assets/Plugins/SerializedCollections/Editor/Scripts/Data/ElementSettings.cs
  artifactKey: Guid(12edfc8006691b7498459540b832c5eb) Importer(2089858483,192608db42251d675da83286b1cce702)
Start importing Assets/Plugins/SerializedCollections/Editor/Scripts/Data/ElementSettings.cs using Guid(12edfc8006691b7498459540b832c5eb) Importer(2089858483,192608db42251d675da83286b1cce702) (ScriptedImporter) -> (artifact id: '3df4134cdb69967dc0c828712a7f5358') in 0.0048747 seconds
Number of updated asset objects reloaded before import = 0Number of asset objects unloaded after import = 0

========================================================================
Received Import Request.
  Time since last request: 0.000021 seconds.
  path: Assets/Plugins/SerializedCollections/Editor/Scripts/KeyListGenerators/Implementors/EnumGenerator.cs
  artifactKey: Guid(d639de5d36bbeea4496c97cc3f1f4e81) Importer(2089858483,192608db42251d675da83286b1cce702)
Start importing Assets/Plugins/SerializedCollections/Editor/Scripts/KeyListGenerators/Implementors/EnumGenerator.cs using Guid(d639de5d36bbeea4496c97cc3f1f4e81) Importer(2089858483,192608db42251d675da83286b1cce702) (ScriptedImporter) -> (artifact id: '69902467dc25883c098e9b50bd30843c') in 0.0072963 seconds
Number of updated asset objects reloaded before import = 0Number of asset objects unloaded after import = 0

========================================================================
Received Import Request.
  Time since last request: 0.000015 seconds.
  path: Assets/Plugins/SerializedCollections/Editor/Scripts/SerializedDictionaryInstanceDrawer.cs
  artifactKey: Guid(9c3b210db82056a4a93c337b45da413b) Importer(2089858483,192608db42251d675da83286b1cce702)
Start importing Assets/Plugins/SerializedCollections/Editor/Scripts/SerializedDictionaryInstanceDrawer.cs using Guid(9c3b210db82056a4a93c337b45da413b) Importer(2089858483,192608db42251d675da83286b1cce702) (ScriptedImporter) -> (artifact id: '96c11c5818eef5de7929f2737feabab8') in 0.0070302 seconds
Number of updated asset objects reloaded before import = 0Number of asset objects unloaded after import = 0

========================================================================
Received Import Request.
  Time since last request: 0.000014 seconds.
  path: Assets/Plugins/SerializedCollections/Editor/Scripts/Search/SearchResultEntry.cs
  artifactKey: Guid(d8455216ad2701d49b6dfec7f98ca88b) Importer(2089858483,192608db42251d675da83286b1cce702)
Start importing Assets/Plugins/SerializedCollections/Editor/Scripts/Search/SearchResultEntry.cs using Guid(d8455216ad2701d49b6dfec7f98ca88b) Importer(2089858483,192608db42251d675da83286b1cce702) (ScriptedImporter) -> (artifact id: '9cf7cb072630ac24571188c9ae258b66') in 0.0058235 seconds
Number of updated asset objects reloaded before import = 0Number of asset objects unloaded after import = 0

========================================================================
Received Import Request.
  Time since last request: 0.000015 seconds.
  path: Assets/Plugins/SerializedCollections/Editor/Scripts/Settings/EditorUserSettings.cs
  artifactKey: Guid(21353c5f0548cba4a98029e0c433a0dc) Importer(2089858483,192608db42251d675da83286b1cce702)
Start importing Assets/Plugins/SerializedCollections/Editor/Scripts/Settings/EditorUserSettings.cs using Guid(21353c5f0548cba4a98029e0c433a0dc) Importer(2089858483,192608db42251d675da83286b1cce702) (ScriptedImporter) -> (artifact id: '26652609f3ae126e5f1cf3b550d917cc') in 0.006617 seconds
Number of updated asset objects reloaded before import = 0Number of asset objects unloaded after import = 0

========================================================================
Received Import Request.
  Time since last request: 0.000028 seconds.
  path: Assets/Plugins/SerializedCollections/Editor/Scripts/PagingElement.cs
  artifactKey: Guid(f35ac465aece4064582910fc2c206682) Importer(2089858483,192608db42251d675da83286b1cce702)
Start importing Assets/Plugins/SerializedCollections/Editor/Scripts/PagingElement.cs using Guid(f35ac465aece4064582910fc2c206682) Importer(2089858483,192608db42251d675da83286b1cce702) (ScriptedImporter) -> (artifact id: '07e7b874e4de5969b93a460c74a95c47') in 0.0085872 seconds
Number of updated asset objects reloaded before import = 0Number of asset objects unloaded after import = 0

========================================================================
Received Import Request.
  Time since last request: 0.000022 seconds.
  path: Assets/Plugins/SerializedCollections/Editor/Scripts/Search/Matchers/Matcher.cs
  artifactKey: Guid(218ea85e2d8480a498e8647aad524c8d) Importer(2089858483,192608db42251d675da83286b1cce702)
Start importing Assets/Plugins/SerializedCollections/Editor/Scripts/Search/Matchers/Matcher.cs using Guid(218ea85e2d8480a498e8647aad524c8d) Importer(2089858483,192608db42251d675da83286b1cce702) (ScriptedImporter) -> (artifact id: 'bf21bb65dfaf158f9b96c7d9c5a73822') in 0.0036607 seconds
Number of updated asset objects reloaded before import = 0Number of asset objects unloaded after import = 0

========================================================================
Received Import Request.
  Time since last request: 0.000027 seconds.
  path: Assets/Plugins/SerializedCollections/Runtime/Scripts/AssemblyInfo.cs
  artifactKey: Guid(88ab3f65a23ff3a4697758e7a3ed3ac0) Importer(2089858483,192608db42251d675da83286b1cce702)
Start importing Assets/Plugins/SerializedCollections/Runtime/Scripts/AssemblyInfo.cs using Guid(88ab3f65a23ff3a4697758e7a3ed3ac0) Importer(2089858483,192608db42251d675da83286b1cce702) (ScriptedImporter) -> (artifact id: '3f469737f0e95f84f5197d4d552afd55') in 0.0052663 seconds
Number of updated asset objects reloaded before import = 0Number of asset objects unloaded after import = 0

========================================================================
Received Import Request.
  Time since last request: 0.000017 seconds.
  path: Assets/Plugins/SerializedCollections/Editor/Assets/KeysGeneratorSelectorWindow.uxml
  artifactKey: Guid(681c8a924c8b1e14b9fe53bb7397ec3d) Importer(2089858483,192608db42251d675da83286b1cce702)
Start importing Assets/Plugins/SerializedCollections/Editor/Assets/KeysGeneratorSelectorWindow.uxml using Guid(681c8a924c8b1e14b9fe53bb7397ec3d) Importer(2089858483,192608db42251d675da83286b1cce702) (ScriptedImporter) -> (artifact id: '42d7ccdf34cf837bcc643bc2b3c6879e') in 0.0802106 seconds
Number of updated asset objects reloaded before import = 0Number of asset objects unloaded after import = 3

========================================================================
Received Import Request.
  Time since last request: 0.000017 seconds.
  path: Assets/Plugins/SerializedCollections/Editor/Scripts/States/ListState.cs
  artifactKey: Guid(4b4752173882f944eb16a5720a22f3e9) Importer(2089858483,192608db42251d675da83286b1cce702)
Start importing Assets/Plugins/SerializedCollections/Editor/Scripts/States/ListState.cs using Guid(4b4752173882f944eb16a5720a22f3e9) Importer(2089858483,192608db42251d675da83286b1cce702) (ScriptedImporter) -> (artifact id: 'd0f00eb4bcd749cf0b0034c15f2a9dba') in 0.0041445 seconds
Number of updated asset objects reloaded before import = 0Number of asset objects unloaded after import = 0

========================================================================
Received Import Request.
  Time since last request: 0.000015 seconds.
  path: Assets/Plugins/SerializedCollections/Editor/Scripts/Utility/LabelWidth.cs
  artifactKey: Guid(fd75bc249daa39f4e832a3dab9c23c82) Importer(2089858483,192608db42251d675da83286b1cce702)
Start importing Assets/Plugins/SerializedCollections/Editor/Scripts/Utility/LabelWidth.cs using Guid(fd75bc249daa39f4e832a3dab9c23c82) Importer(2089858483,192608db42251d675da83286b1cce702) (ScriptedImporter) -> (artifact id: 'b6f8017dd42f1f2695a54205bc8a1b24') in 0.0039884 seconds
Number of updated asset objects reloaded before import = 0Number of asset objects unloaded after import = 0

========================================================================
Received Import Request.
  Time since last request: 0.000017 seconds.
  path: Assets/Plugins/SerializedCollections/Editor/Scripts/Search/Matchers/EnumMatcher.cs
  artifactKey: Guid(f2cf86e71fb0ff04f96ac71dd9961962) Importer(2089858483,192608db42251d675da83286b1cce702)
Start importing Assets/Plugins/SerializedCollections/Editor/Scripts/Search/Matchers/EnumMatcher.cs using Guid(f2cf86e71fb0ff04f96ac71dd9961962) Importer(2089858483,192608db42251d675da83286b1cce702) (ScriptedImporter) -> (artifact id: 'eb6bf10635863ef7afae20ba81befddb') in 0.003894 seconds
Number of updated asset objects reloaded before import = 0Number of asset objects unloaded after import = 0

========================================================================
Received Import Request.
  Time since last request: 0.000026 seconds.
  path: Assets/Plugins/SerializedCollections/Editor/Scripts/Data/PropertyData.cs
  artifactKey: Guid(ba2d792dfc6653e46bee7c027202acd3) Importer(2089858483,192608db42251d675da83286b1cce702)
Start importing Assets/Plugins/SerializedCollections/Editor/Scripts/Data/PropertyData.cs using Guid(ba2d792dfc6653e46bee7c027202acd3) Importer(2089858483,192608db42251d675da83286b1cce702) (ScriptedImporter) -> (artifact id: '35b84b014a12ced43520b6ebd2612bbe') in 0.0048184 seconds
Number of updated asset objects reloaded before import = 0Number of asset objects unloaded after import = 0

========================================================================
Received Import Request.
  Time since last request: 0.000014 seconds.
  path: Assets/Plugins/SerializedCollections/Editor/Scripts/Search/Matchers/Matchers.cs
  artifactKey: Guid(94535827bd107e549baa23442df58bef) Importer(2089858483,192608db42251d675da83286b1cce702)
Start importing Assets/Plugins/SerializedCollections/Editor/Scripts/Search/Matchers/Matchers.cs using Guid(94535827bd107e549baa23442df58bef) Importer(2089858483,192608db42251d675da83286b1cce702) (ScriptedImporter) -> (artifact id: '8b737e3cedd740674ac3d5354479b162') in 0.0034283 seconds
Number of updated asset objects reloaded before import = 0Number of asset objects unloaded after import = 0

========================================================================
Received Import Request.
  Time since last request: 0.000014 seconds.
  path: Assets/Plugins/SerializedCollections/Runtime/Scripts/SerializedKeyValuePair.cs
  artifactKey: Guid(9f808808de12544418e1f67eb1e8a78d) Importer(2089858483,192608db42251d675da83286b1cce702)
Start importing Assets/Plugins/SerializedCollections/Runtime/Scripts/SerializedKeyValuePair.cs using Guid(9f808808de12544418e1f67eb1e8a78d) Importer(2089858483,192608db42251d675da83286b1cce702) (ScriptedImporter) -> (artifact id: '857266792c02473b0d76a0d082d96a35') in 0.0041855 seconds
Number of updated asset objects reloaded before import = 0Number of asset objects unloaded after import = 0

========================================================================
Received Import Request.
  Time since last request: 0.000024 seconds.
  path: Assets/Plugins/SerializedCollections/Sample/SerializedDictionarySampleThree.cs
  artifactKey: Guid(62752a297e2d2104eb3704071566e844) Importer(2089858483,192608db42251d675da83286b1cce702)
Start importing Assets/Plugins/SerializedCollections/Sample/SerializedDictionarySampleThree.cs using Guid(62752a297e2d2104eb3704071566e844) Importer(2089858483,192608db42251d675da83286b1cce702) (ScriptedImporter) -> (artifact id: '5a31c76373b9283505a4576af35f983a') in 0.0047048 seconds
Number of updated asset objects reloaded before import = 0Number of asset objects unloaded after import = 0

========================================================================
Received Import Request.
  Time since last request: 0.000019 seconds.
  path: Assets/Plugins/SerializedCollections/Readme.pdf
  artifactKey: Guid(7d3a2360c7e15944cbf26d622f2de997) Importer(2089858483,192608db42251d675da83286b1cce702)
Start importing Assets/Plugins/SerializedCollections/Readme.pdf using Guid(7d3a2360c7e15944cbf26d622f2de997) Importer(2089858483,192608db42251d675da83286b1cce702) (ScriptedImporter) -> (artifact id: '1fca9929f19bf22e98c818ba638f8d2f') in 0.0028261 seconds
Number of updated asset objects reloaded before import = 0Number of asset objects unloaded after import = 1

========================================================================
Received Prepare
'Packages/com.unity.cinemachine/Editor/Obsolete/CinemachineVirtualCameraBaseEditor.cs' contains partial class of Unity.Object, exactly 1 of the partial classes needs to be in a file with the same filename. This is to know the one that can be referenced from ie. GameObjects
'Packages/com.unity.cinemachine/Editor/Editors/CinemachineVirtualCameraBaseEditor.cs' contains partial class of Unity.Object, exactly 1 of the partial classes needs to be in a file with the same filename. This is to know the one that can be referenced from ie. GameObjects
Refreshing native plugins compatible for Editor in 16.95 ms, found 4 plugins.
Preloading 0 native plugins for Editor in 0.00 ms.
Unloading 27 Unused Serialized files (Serialized files now loaded: 0)
Unloading 7865 unused Assets / (9.8 MB). Loaded Objects now: 8656.
Memory consumption went from 162.9 MB to 153.1 MB.
Total: 200.631300 ms (FindLiveObjects: 15.714600 ms CreateObjectMapping: 6.158400 ms MarkObjects: 98.321000 ms  DeleteObjects: 80.434500 ms)

Prepare: number of updated asset objects reloaded= 0
========================================================================
Received Prepare
Assembly reference Packages/com.unity.cinemachine/Editor/Samples/ExposeHDRPInternals/HDRP-Editor-ref.asmref has no target assembly definition
Assembly reference Packages/com.unity.cinemachine/Editor/Samples/ExposeHDRPInternals/HDRP-Editor-ref.asmref has no target assembly definition
Begin MonoManager ReloadAssembly
- Loaded All Assemblies, in  0.973 seconds
Assembly reference Packages/com.unity.cinemachine/Editor/Samples/ExposeHDRPInternals/HDRP-Editor-ref.asmref has no target assembly definition
'Packages/com.unity.cinemachine/Editor/Obsolete/CinemachineVirtualCameraBaseEditor.cs' contains partial class of Unity.Object, exactly 1 of the partial classes needs to be in a file with the same filename. This is to know the one that can be referenced from ie. GameObjects
'Packages/com.unity.cinemachine/Editor/Editors/CinemachineVirtualCameraBaseEditor.cs' contains partial class of Unity.Object, exactly 1 of the partial classes needs to be in a file with the same filename. This is to know the one that can be referenced from ie. GameObjects
Refreshing native plugins compatible for Editor in 1.86 ms, found 4 plugins.
Native extension for Android target not found
Native extension for WindowsStandalone target not found
Assembly reference Packages/com.unity.cinemachine/Editor/Samples/ExposeHDRPInternals/HDRP-Editor-ref.asmref has no target assembly definition
[Package Manager] Failed to launch server process. Reason: Unity was launched with the -noUpm command-line argument
[Package Manager] Unable to send message (not connected to server process).
[Package Manager] Cannot connect to Unity Package Manager local server
[Package Manager] Failed to launch server process. Reason: Unity was launched with the -noUpm command-line argument
[Package Manager] Unable to send message (not connected to server process).
[Package Manager] Cannot connect to Unity Package Manager local server
[MODES] ModeService[none].Initialize
[MODES] ModeService[none].LoadModes
Mono: successfully reloaded assembly
- Finished resetting the current domain, in  0.841 seconds
Domain Reload Profiling: 1815ms
	BeginReloadAssembly (270ms)
		ExecutionOrderSort (0ms)
		DisableScriptedObjects (15ms)
		BackupInstance (0ms)
		ReleaseScriptingObjects (0ms)
		CreateAndSetChildDomain (101ms)
	RebuildCommonClasses (39ms)
	RebuildNativeTypeToScriptingClass (12ms)
	initialDomainReloadingComplete (30ms)
	LoadAllAssembliesAndSetupDomain (622ms)
		LoadAssemblies (458ms)
		RebuildTransferFunctionScriptingTraits (0ms)
		AnalyzeDomain (256ms)
			TypeCache.Refresh (20ms)
				TypeCache.ScanAssembly (1ms)
			BuildScriptInfoCaches (213ms)
			ResolveRequiredComponents (14ms)
	FinalizeReload (842ms)
		ReleaseScriptCaches (0ms)
		RebuildScriptCaches (0ms)
		SetupLoadedEditorAssemblies (650ms)
			LogAssemblyErrors (0ms)
			InitializePlatformSupportModulesInManaged (11ms)
			SetLoadedEditorAssemblies (4ms)
			BeforeProcessingInitializeOnLoad (142ms)
			ProcessInitializeOnLoadAttributes (382ms)
			ProcessInitializeOnLoadMethodAttributes (105ms)
			AfterProcessingInitializeOnLoad (6ms)
			EditorAssembliesLoaded (0ms)
		ExecutionOrderSort2 (0ms)
		AwakeInstancesAfterBackupRestoration (15ms)
Refreshing native plugins compatible for Editor in 2.52 ms, found 4 plugins.
Preloading 0 native plugins for Editor in 0.00 ms.
Unloading 27 Unused Serialized files (Serialized files now loaded: 0)
Unloading 7875 unused Assets / (6.7 MB). Loaded Objects now: 8660.
Memory consumption went from 167.8 MB to 161.2 MB.
Total: 22.578200 ms (FindLiveObjects: 2.161900 ms CreateObjectMapping: 2.392800 ms MarkObjects: 10.586800 ms  DeleteObjects: 7.434800 ms)

Prepare: number of updated asset objects reloaded= 0
Editor requested this worker to shutdown with reason: Scaling down because of idle timeout
AssetImportWorker is now disconnected from the server
Process exiting
Exiting without the bug reporter. Application will terminate with return code 0